acpi
acpi_call
arandr
autoconf
automake
base
bat
binutils
bison
bluez
bluez-utils
bspwm
btop
clipmenu
dbus-python
dunst
efibootmgr
exa
exfat-utils
f2fs-tools
fakeroot
fd
file
findutils
flex
fzf
gawk
gcc
gettext
git
glow
gnome-keyring
gparted
grep
groff
gst-plugin-pipewire
gvfs
gvfs-mtp
gzip
htop
imagemagick
intel-media-driver
intel-ucode
leafpad
lf
libnotify
libpulse
libtool
libva-intel-driver
libva-mesa-driver
linux
linux-firmware
linux-headers
lxappearance-gtk3
m4
make
man-db
mediainfo
meld
moreutils
mpv
nano
neofetch
neovim
network-manager-applet
networkmanager
nodejs
npm
ntfs-3g
pacman
pamixer
papirus-icon-theme
patch
pcmanfm-gtk3
perl-file-mimeinfo
picom
pipewire
pipewire-alsa
pipewire-jack
pipewire-pulse
pkgconf
playerctl
polkit-gnome
polybar
poppler
python-pynvim
reflector
rsync
sed
sudo
sxhkd
sxiv
texinfo
tlp
tlp-rdw
tp_smapi
trash-cli
ttf-jetbrains-mono
ttf-nerd-fonts-symbols-2048-em
ueberzug
unzip
vulkan-intel
vulkan-radeon
wget
which
wireplumber
xarchiver
xautolock
xcape
xclip
xdg-user-dirs
xdg-utils
xdo
xdotool
xf86-video-amdgpu
xf86-video-ati
xf86-video-intel
xf86-video-nouveau
xf86-video-vmware
xorg-server
xorg-xbacklight
xorg-xinit
xorg-xsetroot
xorg-xwininfo
xsel
xwallpaper
zathura
zathura-pdf-mupdf
zip
zram-generator
zsh
zsh-autosuggestions
zsh-history-substring-search
